2024-12-19 13:51:52,590 - INFO - Logging is set up.
2024-12-19 13:51:52,592 - INFO - Application startup
2024-12-19 13:51:52,592 INFO: Application startup [in c:\Users\maksi\Documents\GitHub\olympiad_time\run.py:24]
2024-12-19 13:51:54,033 - INFO - Logging is set up.
2024-12-19 13:51:54,034 - INFO - Application startup
2024-12-19 13:51:54,034 INFO: Application startup [in c:\Users\maksi\Documents\GitHub\olympiad_time\run.py:24]
2024-12-19 13:54:31,166 - INFO - Logging is set up.
2024-12-19 13:54:31,167 - INFO - Application startup
2024-12-19 13:54:31,167 INFO: Application startup [in c:\Users\maksi\Documents\GitHub\olympiad_time\run.py:24]
2024-12-19 13:54:32,249 - INFO - Logging is set up.
2024-12-19 13:54:32,250 - INFO - Application startup
2024-12-19 13:54:32,250 INFO: Application startup [in c:\Users\maksi\Documents\GitHub\olympiad_time\run.py:24]
2024-12-19 14:07:53,501 - INFO - Logging is set up.
2024-12-19 14:07:53,503 - INFO - Application startup
2024-12-19 14:07:53,503 INFO: Application startup [in c:\Users\maksi\Documents\GitHub\olympiad_time\run.py:24]
2024-12-19 14:07:54,887 - INFO - Logging is set up.
2024-12-19 14:07:54,888 - INFO - Application startup
2024-12-19 14:07:54,888 INFO: Application startup [in c:\Users\maksi\Documents\GitHub\olympiad_time\run.py:24]
2024-12-19 14:08:14,068 - INFO - Logging is set up.
2024-12-19 14:08:14,070 - INFO - Application startup
2024-12-19 14:08:14,070 INFO: Application startup [in C:\Users\maksi\Documents\GitHub\olympiad_time\run.py:24]
2024-12-19 14:08:15,370 - INFO - Logging is set up.
2024-12-19 14:08:15,372 - INFO - Application startup
2024-12-19 14:08:15,372 INFO: Application startup [in C:\Users\maksi\Documents\GitHub\olympiad_time\run.py:24]
2024-12-19 14:10:02,901 - INFO - Logging is set up.
2024-12-19 14:10:02,902 - INFO - Application startup
2024-12-19 14:10:02,902 INFO: Application startup [in C:\Users\maksi\Documents\GitHub\olympiad_time\run.py:24]
2024-12-19 14:10:15,479 - INFO - Logging is set up.
2024-12-19 14:10:15,480 - INFO - Application startup
2024-12-19 14:10:15,480 INFO: Application startup [in C:\Users\maksi\Documents\GitHub\olympiad_time\run.py:24]
2024-12-19 14:10:16,886 - INFO - Logging is set up.
2024-12-19 14:10:16,888 - INFO - Application startup
2024-12-19 14:10:16,888 INFO: Application startup [in C:\Users\maksi\Documents\GitHub\olympiad_time\run.py:24]
2024-12-19 14:11:20,931 - INFO - Logging is set up.
2024-12-19 14:11:20,932 - INFO - Application startup
2024-12-19 14:11:20,932 INFO: Application startup [in C:\Users\maksi\Documents\GitHub\olympiad_time\run.py:24]
2024-12-19 14:11:22,292 - INFO - Logging is set up.
2024-12-19 14:11:22,294 - INFO - Application startup
2024-12-19 14:11:22,294 INFO: Application startup [in C:\Users\maksi\Documents\GitHub\olympiad_time\run.py:24]
2024-12-19 14:12:01,450 - INFO - Logging is set up.
2024-12-19 14:12:01,452 - INFO - Application startup
2024-12-19 14:12:01,452 INFO: Application startup [in C:\Users\maksi\Documents\GitHub\olympiad_time\run.py:24]
2024-12-19 14:12:22,632 - INFO - Logging is set up.
2024-12-19 14:12:22,633 - INFO - Application startup
2024-12-19 14:12:22,633 INFO: Application startup [in C:\Users\maksi\Documents\GitHub\olympiad_time\run.py:24]
2024-12-19 14:13:00,958 - INFO - Logging is set up.
2024-12-19 14:13:00,959 - INFO - Application startup
2024-12-19 14:13:00,959 INFO: Application startup [in C:\Users\maksi\Documents\GitHub\olympiad_time\run.py:24]
2024-12-19 14:13:55,123 - INFO - Logging is set up.
2024-12-19 14:13:55,124 - INFO - Application startup
2024-12-19 14:13:55,124 INFO: Application startup [in c:\Users\maksi\Documents\GitHub\olympiad_time\run.py:24]
2024-12-19 14:13:56,493 - INFO - Logging is set up.
2024-12-19 14:13:56,494 - INFO - Application startup
2024-12-19 14:13:56,494 INFO: Application startup [in c:\Users\maksi\Documents\GitHub\olympiad_time\run.py:24]
2024-12-19 14:22:09,002 - INFO - Logging is set up.
2024-12-19 14:22:09,004 - INFO - Application startup
2024-12-19 14:22:09,004 INFO: Application startup [in c:\Users\maksi\Documents\GitHub\olympiad_time\run.py:24]
2024-12-19 14:22:10,500 - INFO - Logging is set up.
2024-12-19 14:22:10,501 - INFO - Application startup
2024-12-19 14:22:10,501 INFO: Application startup [in c:\Users\maksi\Documents\GitHub\olympiad_time\run.py:24]
2024-12-19 14:23:03,040 - INFO - Logging is set up.
2024-12-19 14:23:03,042 - INFO - Application startup
2024-12-19 14:23:03,042 INFO: Application startup [in C:\Users\maksi\Documents\GitHub\olympiad_time\run.py:24]
2024-12-19 14:23:04,364 - INFO - Logging is set up.
2024-12-19 14:23:04,365 - INFO - Application startup
2024-12-19 14:23:04,365 INFO: Application startup [in C:\Users\maksi\Documents\GitHub\olympiad_time\run.py:24]
2024-12-19 14:26:37,522 - INFO - Logging is set up.
2025-01-04 13:56:24,345 - INFO - Logging is set up.
2025-01-04 13:56:28,217 - ERROR - Exception on /login [GET]
Traceback (most recent call last):
  File "C:\Users\maksi\AppData\Local\Programs\Python\Python313\Lib\site-packages\flask\app.py", line 1511, in wsgi_app
    response = self.full_dispatch_request()
  File "C:\Users\maksi\AppData\Local\Programs\Python\Python313\Lib\site-packages\flask\app.py", line 919, in full_dispatch_request
    rv = self.handle_user_exception(e)
  File "C:\Users\maksi\AppData\Local\Programs\Python\Python313\Lib\site-packages\flask\app.py", line 917, in full_dispatch_request
    rv = self.dispatch_request()
  File "C:\Users\maksi\AppData\Local\Programs\Python\Python313\Lib\site-packages\flask\app.py", line 902, in dispatch_request
    return self.ensure_sync(self.view_functions[rule.endpoint])(**view_args)  # type: ignore[no-any-return]
           ~~~~~~~~~~~~~~~~~~~~~~~~~~~~~~~~~~~~~~~~~~~~~~~~~~~~^^^^^^^^^^^^^
  File "C:\Users\maksi\Documents\GitHub\olympiad_time\app\routes.py", line 59, in login
    return render_template('login.html', form=form)
  File "C:\Users\maksi\AppData\Local\Programs\Python\Python313\Lib\site-packages\flask\templating.py", line 150, in render_template
    return _render(app, template, context)
  File "C:\Users\maksi\AppData\Local\Programs\Python\Python313\Lib\site-packages\flask\templating.py", line 131, in _render
    rv = template.render(context)
  File "C:\Users\maksi\AppData\Local\Programs\Python\Python313\Lib\site-packages\jinja2\environment.py", line 1304, in render
    self.environment.handle_exception()
    ~~~~~~~~~~~~~~~~~~~~~~~~~~~~~~~~~^^
  File "C:\Users\maksi\AppData\Local\Programs\Python\Python313\Lib\site-packages\jinja2\environment.py", line 939, in handle_exception
    raise rewrite_traceback_stack(source=source)
  File "C:\Users\maksi\Documents\GitHub\olympiad_time\app\templates\login.html", line 1, in top-level template code
    {% extends "base.html" %}
  File "C:\Users\maksi\Documents\GitHub\olympiad_time\app\templates\base.html", line 240, in top-level template code
    {% block content %}{% endblock %}
    ^^^^^^^^^^^^^^^^^^^^^
  File "C:\Users\maksi\Documents\GitHub\olympiad_time\app\templates\login.html", line 31, in block 'content'
    <p><a href="{{ url_for('forgot_password') }}">Забыли пароль?</a></p>
    ^^^^^^^^^
  File "C:\Users\maksi\AppData\Local\Programs\Python\Python313\Lib\site-packages\flask\app.py", line 1121, in url_for
    return self.handle_url_build_error(error, endpoint, values)
           ~~~~~~~~~~~~~~~~~~~~~~~~~~~^^^^^^^^^^^^^^^^^^^^^^^^^
  File "C:\Users\maksi\AppData\Local\Programs\Python\Python313\Lib\site-packages\flask\app.py", line 1110, in url_for
    rv = url_adapter.build(  # type: ignore[union-attr]
        endpoint,
    ...<3 lines>...
        force_external=_external,
    )
  File "C:\Users\maksi\AppData\Local\Programs\Python\Python313\Lib\site-packages\werkzeug\routing\map.py", line 924, in build
    raise BuildError(endpoint, values, method, self)
werkzeug.routing.exceptions.BuildError: Could not build url for endpoint 'forgot_password'. Did you mean 'logout' instead?
2025-01-04 13:58:25,520 - INFO - Logging is set up.
2025-01-04 14:00:13,788 - INFO - Logging is set up.
2025-01-04 14:53:59,637 - INFO - Logging is set up.
2025-01-04 15:33:38,189 - INFO - Logging is set up.
2025-01-04 15:35:29,366 - INFO - Logging is set up.
2025-01-04 16:29:17,793 - INFO - Logging is set up.
2025-01-04 16:29:35,018 - INFO - Logging is set up.
